
          -------------------------------------------------------
          Amber 20 SANDER                              2020
          -------------------------------------------------------

| Run on 12/09/2020 at 00:24:51

|   Executable path: sander
| Working directory: /home/sitabuleb/Model
|          Hostname: cream-ce.core.wits.ac.za

  [-O]verwriting output

File Assignments:
|  MDIN: explicit_min2.in                                                      
| MDOUT: explicit_min2.out                                                     
|INPCRD: relax_CYP2D6_min_explicit.rst                                         
|  PARM: CYP2D6_min_topology.prmtop                                            
|RESTRT: relax_CYP2D6_min_explicit.rst                                         
|  REFC: refc                                                                  
| MDVEL: mdvel                                                                 
| MDFRC: mdfrc                                                                 
|  MDEN: mden                                                                  
| MDCRD: mdcrd                                                                 
|MDINFO: mdinfo                                                                
|  MTMD: mtmd                                                                  
|INPDIP: inpdip                                                                
|RSTDIP: rstdip                                                                
|INPTRA: inptraj                                                               


 Here is the input file:

                                                                               
Test                                                                           
&cntrl                                                                         
imin = 1,                                                                      
maxcyc = 2500,                                                                 
ncyc = 1000,                                                                   
ntb = 1,                                                                       
cut = 10.0,                                                                    
ntpr = 10,                                                                     
ntr = 0                                                                        
/                                                                              
                                                                               

--------------------------------------------------------------------------------
   1.  RESOURCE   USE: 
--------------------------------------------------------------------------------

| Flags:                                                                        
 getting new box info from bottom of inpcrd

  Error opening unit   30: File "relax_CYP2D6_min_explicit.rst" is missing or unreadable                
