
          -------------------------------------------------------
          Amber 20 SANDER                              2020
          -------------------------------------------------------

| Run on 12/09/2020 at 00:24:50

|   Executable path: sander
| Working directory: /home/sitabuleb/Model
|          Hostname: cream-ce.core.wits.ac.za

  [-O]verwriting output

File Assignments:
|  MDIN: explicit_min1.in                                                      
| MDOUT: explicit_min1.out                                                     
|INPCRD: CYP2D6_min_topology.rst7                                              
|  PARM: CYP2D6_min_topology.prmtop                                            
|RESTRT: relax_CYP2D6_min_explicit.rst                                         
|  REFC: CYP2D6_min_topology.rst7                                              
| MDVEL: mdvel                                                                 
| MDFRC: mdfrc                                                                 
|  MDEN: mden                                                                  
| MDCRD: mdcrd                                                                 
|MDINFO: mdinfo                                                                
|  MTMD: mtmd                                                                  
|INPDIP: inpdip                                                                
|RSTDIP: rstdip                                                                
|INPTRA: inptraj                                                               


 Here is the input file:

                                                                               
Test                                                                           
&cntrl                                                                         
imin = 1,                                                                      
maxcyc = 1000,                                                                 
ncyc = 500,                                                                    
ntb = 1,                                                                       
cut = 10.0,                                                                    
ntpr = 10,                                                                     
ntr = 1,                                                                       
restraint_wt=500.0,                                                            
restrainmask='1-466 & !@H='                                                    
/                                                                              
                                                                               
 error in reading namelist cntrl
